0 info it worked if it ends with ok
1 verbose cli [ '/usr/local/Cellar/node/5.7.0/bin/node',
1 verbose cli   '/usr/local/bin/npm',
1 verbose cli   'run',
1 verbose cli   'starter-kit' ]
2 info using npm@3.6.0
3 info using node@v5.7.0
4 verbose run-script [ 'prestarter-kit', 'starter-kit', 'poststarter-kit' ]
5 info lifecycle magic-starter-kit@0.0.1~prestarter-kit: magic-starter-kit@0.0.1
6 silly lifecycle magic-starter-kit@0.0.1~prestarter-kit: no script for prestarter-kit, continuing
7 info lifecycle magic-starter-kit@0.0.1~starter-kit: magic-starter-kit@0.0.1
8 verbose lifecycle magic-starter-kit@0.0.1~starter-kit: unsafe-perm in lifecycle true
9 verbose lifecycle magic-starter-kit@0.0.1~starter-kit: PATH: /usr/local/lib/node_modules/npm/bin/node-gyp-bin:/Users/205605/web-frameworks/magic-starter-kit/node_modules/.bin:/usr/local/opt/php54/bin:/usr/local/share/npm/bin:/usr/local/bin:/usr/local/heroku/bin:/usr/local/mysql/bin:/usr/local/bin:/usr/bin:/bin:/usr/sbin:/sbin:/usr/local/git/bin:/usr/local/go/bin:/Users/205605/go/bin:/Users/205605/.rvm/bin
10 verbose lifecycle magic-starter-kit@0.0.1~starter-kit: CWD: /Users/205605/web-frameworks/magic-starter-kit
11 silly lifecycle magic-starter-kit@0.0.1~starter-kit: Args: [ '-c', 'node ./index.js --port 1337' ]
12 silly lifecycle magic-starter-kit@0.0.1~starter-kit: Returned: code: 1  signal: null
13 info lifecycle magic-starter-kit@0.0.1~starter-kit: Failed to exec starter-kit script
14 verbose stack Error: magic-starter-kit@0.0.1 starter-kit: `node ./index.js --port 1337`
14 verbose stack Exit status 1
14 verbose stack     at EventEmitter.<anonymous> (/usr/local/lib/node_modules/npm/lib/utils/lifecycle.js:232:16)
14 verbose stack     at emitTwo (events.js:100:13)
14 verbose stack     at EventEmitter.emit (events.js:185:7)
14 verbose stack     at ChildProcess.<anonymous> (/usr/local/lib/node_modules/npm/lib/utils/spawn.js:24:14)
14 verbose stack     at emitTwo (events.js:100:13)
14 verbose stack     at ChildProcess.emit (events.js:185:7)
14 verbose stack     at maybeClose (internal/child_process.js:827:16)
14 verbose stack     at Process.ChildProcess._handle.onexit (internal/child_process.js:211:5)
15 verbose pkgid magic-starter-kit@0.0.1
16 verbose cwd /Users/205605/web-frameworks/magic-starter-kit
17 error Darwin 15.2.0
18 error argv "/usr/local/Cellar/node/5.7.0/bin/node" "/usr/local/bin/npm" "run" "starter-kit"
19 error node v5.7.0
20 error npm  v3.6.0
21 error code ELIFECYCLE
22 error magic-starter-kit@0.0.1 starter-kit: `node ./index.js --port 1337`
22 error Exit status 1
23 error Failed at the magic-starter-kit@0.0.1 starter-kit script 'node ./index.js --port 1337'.
23 error Make sure you have the latest version of node.js and npm installed.
23 error If you do, this is most likely a problem with the magic-starter-kit package,
23 error not with npm itself.
23 error Tell the author that this fails on your system:
23 error     node ./index.js --port 1337
23 error You can get information on how to open an issue for this project with:
23 error     npm bugs magic-starter-kit
23 error Or if that isn't available, you can get their info via:
23 error     npm owner ls magic-starter-kit
23 error There is likely additional logging output above.
24 verbose exit [ 1, true ]
